<?xml version="1.0" encoding="UTF-8"?>
<testsuite xmlns:xsi="http://www.w3.org/2001/XMLSchema-instance" xsi:noNamespaceSchemaLocation="https://maven.apache.org/surefire/maven-surefire-plugin/xsd/surefire-test-report-3.0.xsd" version="3.0" name="com.ecommerce.AppTest" time="0.022" tests="1" errors="0" skipped="0" failures="0">
  <properties>
    <property name="java.specification.version" value="17"/>
    <property name="sun.cpu.isalist" value="amd64"/>
    <property name="sun.jnu.encoding" value="Cp1252"/>
    <property name="java.class.path" value="C:\Users\Andres Moises\Desktop\backend\ecommerce-backend\target\test-classes;C:\Users\Andres Moises\Desktop\backend\ecommerce-backend\target\classes;C:\Users\Andres Moises\.m2\repository\junit\junit\3.8.1\junit-3.8.1.jar;C:\Users\Andres Moises\.m2\repository\org\hibernate\orm\hibernate-core\6.2.0.Final\hibernate-core-6.2.0.Final.jar;C:\Users\Andres Moises\.m2\repository\jakarta\persistence\jakarta.persistence-api\3.1.0\jakarta.persistence-api-3.1.0.jar;C:\Users\Andres Moises\.m2\repository\jakarta\transaction\jakarta.transaction-api\2.0.1\jakarta.transaction-api-2.0.1.jar;C:\Users\Andres Moises\.m2\repository\org\jboss\logging\jboss-logging\3.5.0.Final\jboss-logging-3.5.0.Final.jar;C:\Users\Andres Moises\.m2\repository\org\hibernate\common\hibernate-commons-annotations\6.0.6.Final\hibernate-commons-annotations-6.0.6.Final.jar;C:\Users\Andres Moises\.m2\repository\io\smallrye\jandex\3.0.5\jandex-3.0.5.jar;C:\Users\Andres Moises\.m2\repository\com\fasterxml\classmate\1.5.1\classmate-1.5.1.jar;C:\Users\Andres Moises\.m2\repository\net\bytebuddy\byte-buddy\1.12.18\byte-buddy-1.12.18.jar;C:\Users\Andres Moises\.m2\repository\jakarta\xml\bind\jakarta.xml.bind-api\4.0.0\jakarta.xml.bind-api-4.0.0.jar;C:\Users\Andres Moises\.m2\repository\jakarta\activation\jakarta.activation-api\2.1.0\jakarta.activation-api-2.1.0.jar;C:\Users\Andres Moises\.m2\repository\org\glassfish\jaxb\jaxb-runtime\4.0.2\jaxb-runtime-4.0.2.jar;C:\Users\Andres Moises\.m2\repository\org\glassfish\jaxb\jaxb-core\4.0.2\jaxb-core-4.0.2.jar;C:\Users\Andres Moises\.m2\repository\org\glassfish\jaxb\txw2\4.0.2\txw2-4.0.2.jar;C:\Users\Andres Moises\.m2\repository\com\sun\istack\istack-commons-runtime\4.1.1\istack-commons-runtime-4.1.1.jar;C:\Users\Andres Moises\.m2\repository\jakarta\inject\jakarta.inject-api\2.0.1\jakarta.inject-api-2.0.1.jar;C:\Users\Andres Moises\.m2\repository\org\antlr\antlr4-runtime\4.10.1\antlr4-runtime-4.10.1.jar;C:\Users\Andres Moises\.m2\repository\org\postgresql\postgresql\42.5.1\postgresql-42.5.1.jar;C:\Users\Andres Moises\.m2\repository\org\checkerframework\checker-qual\3.5.0\checker-qual-3.5.0.jar;C:\Users\Andres Moises\.m2\repository\org\wildfly\wildfly-ee\26.1.1.Final\wildfly-ee-26.1.1.Final.jar;C:\Users\Andres Moises\.m2\repository\org\glassfish\jakarta.enterprise.concurrent\1.1.1\jakarta.enterprise.concurrent-1.1.1.jar;C:\Users\Andres Moises\.m2\repository\org\jboss\metadata\jboss-metadata-common\14.0.0.Final\jboss-metadata-common-14.0.0.Final.jar;C:\Users\Andres Moises\.m2\repository\org\jboss\metadata\jboss-metadata-ear\14.0.0.Final\jboss-metadata-ear-14.0.0.Final.jar;C:\Users\Andres Moises\.m2\repository\org\jboss\msc\jboss-msc\1.4.13.Final\jboss-msc-1.4.13.Final.jar;C:\Users\Andres Moises\.m2\repository\org\jboss\spec\javax\enterprise\concurrent\jboss-concurrency-api_1.0_spec\2.0.0.Final\jboss-concurrency-api_1.0_spec-2.0.0.Final.jar;C:\Users\Andres Moises\.m2\repository\org\jboss\spec\javax\security\jacc\jboss-jacc-api_1.5_spec\2.0.0.Final\jboss-jacc-api_1.5_spec-2.0.0.Final.jar;C:\Users\Andres Moises\.m2\repository\org\jboss\spec\javax\transaction\jboss-transaction-api_1.3_spec\2.0.0.Final\jboss-transaction-api_1.3_spec-2.0.0.Final.jar;C:\Users\Andres Moises\.m2\repository\org\jboss\spec\javax\annotation\jboss-annotations-api_1.3_spec\2.0.1.Final\jboss-annotations-api_1.3_spec-2.0.1.Final.jar;C:\Users\Andres Moises\.m2\repository\org\wildfly\common\wildfly-common\1.6.0.Final\wildfly-common-1.6.0.Final.jar;C:\Users\Andres Moises\.m2\repository\org\wildfly\core\wildfly-server\18.1.1.Final\wildfly-server-18.1.1.Final.jar;C:\Users\Andres Moises\.m2\repository\org\wildfly\core\wildfly-controller\18.1.1.Final\wildfly-controller-18.1.1.Final.jar;C:\Users\Andres Moises\.m2\repository\org\wildfly\core\wildfly-controller-client\18.1.1.Final\wildfly-controller-client-18.1.1.Final.jar;C:\Users\Andres Moises\.m2\repository\org\wildfly\core\wildfly-core-security\18.1.1.Final\wildfly-core-security-18.1.1.Final.jar;C:\Users\Andres Moises\.m2\repository\org\wildfly\security\wildfly-elytron-credential-source-impl\1.19.0.Final\wildfly-elytron-credential-source-impl-1.19.0.Final.jar;C:\Users\Andres Moises\.m2\repository\org\wildfly\security\wildfly-elytron-password-impl\1.19.0.Final\wildfly-elytron-password-impl-1.19.0.Final.jar;C:\Users\Andres Moises\.m2\repository\org\wildfly\security\wildfly-elytron-sasl\1.19.0.Final\wildfly-elytron-sasl-1.19.0.Final.jar;C:\Users\Andres Moises\.m2\repository\org\wildfly\security\wildfly-elytron-ssl\1.19.0.Final\wildfly-elytron-ssl-1.19.0.Final.jar;C:\Users\Andres Moises\.m2\repository\org\wildfly\security\wildfly-elytron-x500-cert-acme\1.19.0.Final\wildfly-elytron-x500-cert-acme-1.19.0.Final.jar;C:\Users\Andres Moises\.m2\repository\org\wildfly\security\wildfly-elytron-x500-cert-util\1.19.0.Final\wildfly-elytron-x500-cert-util-1.19.0.Final.jar;C:\Users\Andres Moises\.m2\repository\org\jboss\staxmapper\1.3.0.Final\staxmapper-1.3.0.Final.jar;C:\Users\Andres Moises\.m2\repository\org\projectodd\vdx\vdx-wildfly\1.1.6\vdx-wildfly-1.1.6.jar;C:\Users\Andres Moises\.m2\repository\org\projectodd\vdx\vdx-core\1.1.6\vdx-core-1.1.6.jar;C:\Users\Andres Moises\.m2\repository\org\yaml\snakeyaml\1.29\snakeyaml-1.29.jar;C:\Users\Andres Moises\.m2\repository\org\wildfly\core\wildfly-core-management-client\18.1.1.Final\wildfly-core-management-client-18.1.1.Final.jar;C:\Users\Andres Moises\.m2\repository\org\wildfly\core\wildfly-domain-http-interface\18.1.1.Final\wildfly-domain-http-interface-18.1.1.Final.jar;C:\Users\Andres Moises\.m2\repository\org\wildfly\core\wildfly-domain-management\18.1.1.Final\wildfly-domain-management-18.1.1.Final.jar;C:\Users\Andres Moises\.m2\repository\org\wildfly\security\wildfly-elytron-http-util\1.19.0.Final\wildfly-elytron-http-util-1.19.0.Final.jar;C:\Users\Andres Moises\.m2\repository\org\wildfly\security\wildfly-elytron-sasl-digest\1.19.0.Final\wildfly-elytron-sasl-digest-1.19.0.Final.jar;C:\Users\Andres Moises\.m2\repository\org\wildfly\security\wildfly-elytron-mechanism-digest\1.19.0.Final\wildfly-elytron-mechanism-digest-1.19.0.Final.jar;C:\Users\Andres Moises\.m2\repository\org\wildfly\security\wildfly-elytron-http\1.19.0.Final\wildfly-elytron-http-1.19.0.Final.jar;C:\Users\Andres Moises\.m2\repository\org\wildfly\security\elytron-web\undertow-server\1.10.1.Final\undertow-server-1.10.1.Final.jar;C:\Users\Andres Moises\.m2\repository\org\wildfly\core\wildfly-deployment-repository\18.1.1.Final\wildfly-deployment-repository-18.1.1.Final.jar;C:\Users\Andres Moises\.m2\repository\org\wildfly\core\wildfly-protocol\18.1.1.Final\wildfly-protocol-18.1.1.Final.jar;C:\Users\Andres Moises\.m2\repository\org\wildfly\core\wildfly-platform-mbean\18.1.1.Final\wildfly-platform-mbean-18.1.1.Final.jar;C:\Users\Andres Moises\.m2\repository\org\wildfly\core\wildfly-process-controller\18.1.1.Final\wildfly-process-controller-18.1.1.Final.jar;C:\Users\Andres Moises\.m2\repository\org\wildfly\core\wildfly-remoting\18.1.1.Final\wildfly-remoting-18.1.1.Final.jar;C:\Users\Andres Moises\.m2\repository\org\wildfly\core\wildfly-io\18.1.1.Final\wildfly-io-18.1.1.Final.jar;C:\Users\Andres Moises\.m2\repository\org\wildfly\security\wildfly-elytron-audit\1.19.0.Final\wildfly-elytron-audit-1.19.0.Final.jar;C:\Users\Andres Moises\.m2\repository\org\wildfly\security\wildfly-elytron-auth-server-http\1.19.0.Final\wildfly-elytron-auth-server-http-1.19.0.Final.jar;C:\Users\Andres Moises\.m2\repository\org\wildfly\security\wildfly-elytron-auth-server-sasl\1.19.0.Final\wildfly-elytron-auth-server-sasl-1.19.0.Final.jar;C:\Users\Andres Moises\.m2\repository\org\wildfly\security\wildfly-elytron-auth-server-deprecated\1.19.0.Final\wildfly-elytron-auth-server-deprecated-1.19.0.Final.jar;C:\Users\Andres Moises\.m2\repository\org\wildfly\security\wildfly-elytron-auth-util\1.19.0.Final\wildfly-elytron-auth-util-1.19.0.Final.jar;C:\Users\Andres Moises\.m2\repository\org\wildfly\security\wildfly-elytron-mechanism-gssapi\1.19.0.Final\wildfly-elytron-mechanism-gssapi-1.19.0.Final.jar;C:\Users\Andres Moises\.m2\repository\org\wildfly\security\wildfly-elytron-sasl-anonymous\1.19.0.Final\wildfly-elytron-sasl-anonymous-1.19.0.Final.jar;C:\Users\Andres Moises\.m2\repository\org\jboss\xnio\xnio-api\3.8.7.Final\xnio-api-3.8.7.Final.jar;C:\Users\Andres Moises\.m2\repository\org\wildfly\core\wildfly-network\18.1.1.Final\wildfly-network-18.1.1.Final.jar;C:\Users\Andres Moises\.m2\repository\org\wildfly\security\wildfly-elytron-client\1.19.0.Final\wildfly-elytron-client-1.19.0.Final.jar;C:\Users\Andres Moises\.m2\repository\org\wildfly\security\wildfly-elytron-credential-store\1.19.0.Final\wildfly-elytron-credential-store-1.19.0.Final.jar;C:\Users\Andres Moises\.m2\repository\org\wildfly\security\wildfly-elytron-encryption\1.19.0.Final\wildfly-elytron-encryption-1.19.0.Final.jar;C:\Users\Andres Moises\.m2\repository\org\wildfly\security\wildfly-elytron-keystore\1.19.0.Final\wildfly-elytron-keystore-1.19.0.Final.jar;C:\Users\Andres Moises\.m2\repository\org\wildfly\security\wildfly-elytron-mechanism\1.19.0.Final\wildfly-elytron-mechanism-1.19.0.Final.jar;C:\Users\Andres Moises\.m2\repository\org\wildfly\security\wildfly-elytron-provider-util\1.19.0.Final\wildfly-elytron-provider-util-1.19.0.Final.jar;C:\Users\Andres Moises\.m2\repository\org\wildfly\security\wildfly-elytron-x500-cert\1.19.0.Final\wildfly-elytron-x500-cert-1.19.0.Final.jar;C:\Users\Andres Moises\.m2\repository\org\wildfly\security\wildfly-elytron-credential\1.19.0.Final\wildfly-elytron-credential-1.19.0.Final.jar;C:\Users\Andres Moises\.m2\repository\org\wildfly\security\wildfly-elytron-asn1\1.19.0.Final\wildfly-elytron-asn1-1.19.0.Final.jar;C:\Users\Andres Moises\.m2\repository\org\wildfly\core\wildfly-version\18.1.1.Final\wildfly-version-18.1.1.Final.jar;C:\Users\Andres Moises\.m2\repository\org\jboss\jandex\2.4.2.Final\jandex-2.4.2.Final.jar;C:\Users\Andres Moises\.m2\repository\org\jboss\jboss-dmr\1.6.1.Final\jboss-dmr-1.6.1.Final.jar;C:\Users\Andres Moises\.m2\repository\org\jboss\classfilewriter\jboss-classfilewriter\1.2.5.Final\jboss-classfilewriter-1.2.5.Final.jar;C:\Users\Andres Moises\.m2\repository\org\jboss\marshalling\jboss-marshalling\2.0.12.Final\jboss-marshalling-2.0.12.Final.jar;C:\Users\Andres Moises\.m2\repository\org\jboss\modules\jboss-modules\2.0.2.Final\jboss-modules-2.0.2.Final.jar;C:\Users\Andres Moises\.m2\repository\org\jboss\remoting\jboss-remoting\5.0.24.Final\jboss-remoting-5.0.24.Final.jar;C:\Users\Andres Moises\.m2\repository\org\wildfly\client\wildfly-client-config\1.0.1.Final\wildfly-client-config-1.0.1.Final.jar;C:\Users\Andres Moises\.m2\repository\org\jboss\stdio\jboss-stdio\1.1.0.Final\jboss-stdio-1.1.0.Final.jar;C:\Users\Andres Moises\.m2\repository\org\jboss\threads\jboss-threads\2.4.0.Final\jboss-threads-2.4.0.Final.jar;C:\Users\Andres Moises\.m2\repository\org\jboss\jboss-vfs\3.2.16.Final\jboss-vfs-3.2.16.Final.jar;C:\Users\Andres Moises\.m2\repository\io\undertow\undertow-core\2.2.17.Final\undertow-core-2.2.17.Final.jar;C:\Users\Andres Moises\.m2\repository\org\jboss\xnio\xnio-nio\3.8.6.Final\xnio-nio-3.8.6.Final.jar;C:\Users\Andres Moises\.m2\repository\org\eclipse\jgit\org.eclipse.jgit.ssh.apache\5.13.0.202109080827-r\org.eclipse.jgit.ssh.apache-5.13.0.202109080827-r.jar;C:\Users\Andres Moises\.m2\repository\org\eclipse\jgit\org.eclipse.jgit\5.13.0.202109080827-r\org.eclipse.jgit-5.13.0.202109080827-r.jar;C:\Users\Andres Moises\.m2\repository\com\googlecode\javaewah\JavaEWAH\1.1.12\JavaEWAH-1.1.12.jar;C:\Users\Andres Moises\.m2\repository\org\apache\sshd\sshd-common\2.7.0\sshd-common-2.7.0.jar;C:\Users\Andres Moises\.m2\repository\org\slf4j\slf4j-api\1.7.30\slf4j-api-1.7.30.jar;C:\Users\Andres Moises\.m2\repository\org\apache\sshd\sshd-core\2.7.0\sshd-core-2.7.0.jar;C:\Users\Andres Moises\.m2\repository\org\wildfly\core\wildfly-request-controller\18.1.1.Final\wildfly-request-controller-18.1.1.Final.jar;C:\Users\Andres Moises\.m2\repository\org\jboss\logmanager\jboss-logmanager\2.1.18.Final\jboss-logmanager-2.1.18.Final.jar;C:\Users\Andres Moises\.m2\repository\org\jboss\invocation\jboss-invocation\1.7.0.Final\jboss-invocation-1.7.0.Final.jar;C:\Users\Andres Moises\.m2\repository\org\wildfly\wildfly-naming\26.1.1.Final\wildfly-naming-26.1.1.Final.jar;C:\Users\Andres Moises\.m2\repository\org\wildfly\wildfly-naming-client\1.0.15.Final\wildfly-naming-client-1.0.15.Final.jar;C:\Users\Andres Moises\.m2\repository\org\wildfly\security\wildfly-elytron-realm\1.17.1.Final\wildfly-elytron-realm-1.17.1.Final.jar;C:\Users\Andres Moises\.m2\repository\org\wildfly\security\wildfly-elytron-sasl-localuser\1.17.1.Final\wildfly-elytron-sasl-localuser-1.17.1.Final.jar;C:\Users\Andres Moises\.m2\repository\org\wildfly\security\wildfly-elytron-sasl-auth-util\1.17.1.Final\wildfly-elytron-sasl-auth-util-1.17.1.Final.jar;C:\Users\Andres Moises\.m2\repository\org\jboss\marshalling\jboss-marshalling-river\2.0.0.Final\jboss-marshalling-river-2.0.0.Final.jar;C:\Users\Andres Moises\.m2\repository\org\wildfly\wildfly-http-client\wildfly-http-naming-client\1.1.11.Final\wildfly-http-naming-client-1.1.11.Final.jar;C:\Users\Andres Moises\.m2\repository\org\wildfly\wildfly-http-client\wildfly-http-client-common\1.1.11.Final\wildfly-http-client-common-1.1.11.Final.jar;C:\Users\Andres Moises\.m2\repository\org\wildfly\security\wildfly-elytron-http-basic\1.15.1.Final\wildfly-elytron-http-basic-1.15.1.Final.jar;C:\Users\Andres Moises\.m2\repository\org\wildfly\security\wildfly-elytron-mechanism-http\1.15.1.Final\wildfly-elytron-mechanism-http-1.15.1.Final.jar;C:\Users\Andres Moises\.m2\repository\org\wildfly\security\wildfly-elytron-http-cert\1.15.1.Final\wildfly-elytron-http-cert-1.15.1.Final.jar;C:\Users\Andres Moises\.m2\repository\org\wildfly\security\wildfly-elytron-http-digest\1.15.1.Final\wildfly-elytron-http-digest-1.15.1.Final.jar;C:\Users\Andres Moises\.m2\repository\org\jboss\spec\javax\ejb\jboss-ejb-api_3.2_spec\2.0.0.Final\jboss-ejb-api_3.2_spec-2.0.0.Final.jar;C:\Users\Andres Moises\.m2\repository\org\wildfly\security\wildfly-elytron-auth-server\1.19.0.Final\wildfly-elytron-auth-server-1.19.0.Final.jar;C:\Users\Andres Moises\.m2\repository\org\wildfly\security\wildfly-elytron-auth\1.19.0.Final\wildfly-elytron-auth-1.19.0.Final.jar;C:\Users\Andres Moises\.m2\repository\org\wildfly\security\wildfly-elytron-base\1.19.0.Final\wildfly-elytron-base-1.19.0.Final.jar;C:\Users\Andres Moises\.m2\repository\org\wildfly\security\wildfly-elytron-permission\1.19.0.Final\wildfly-elytron-permission-1.19.0.Final.jar;C:\Users\Andres Moises\.m2\repository\org\wildfly\security\wildfly-elytron-util\1.19.0.Final\wildfly-elytron-util-1.19.0.Final.jar;C:\Users\Andres Moises\.m2\repository\org\wildfly\security\wildfly-elytron-x500\1.19.0.Final\wildfly-elytron-x500-1.19.0.Final.jar;C:\Users\Andres Moises\.m2\repository\org\wildfly\security\wildfly-elytron-security-manager\1.19.0.Final\wildfly-elytron-security-manager-1.19.0.Final.jar;C:\Users\Andres Moises\.m2\repository\org\wildfly\security\wildfly-elytron-security-manager-action\1.19.0.Final\wildfly-elytron-security-manager-action-1.19.0.Final.jar;C:\Users\Andres Moises\.m2\repository\org\jboss\spec\javax\interceptor\jboss-interceptors-api_1.2_spec\2.0.0.Final\jboss-interceptors-api_1.2_spec-2.0.0.Final.jar;C:\Users\Andres Moises\.m2\repository\org\jboss\spec\javax\el\jboss-el-api_3.0_spec\2.0.0.Final\jboss-el-api_3.0_spec-2.0.0.Final.jar;C:\Users\Andres Moises\.m2\repository\jakarta\platform\jakarta.jakartaee-api\9.1.0\jakarta.jakartaee-api-9.1.0.jar;C:\Users\Andres Moises\.m2\repository\org\jboss\resteasy\resteasy-servlet-initializer\6.2.4.Final\resteasy-servlet-initializer-6.2.4.Final.jar;C:\Users\Andres Moises\.m2\repository\org\jboss\resteasy\resteasy-core\6.2.4.Final\resteasy-core-6.2.4.Final.jar;C:\Users\Andres Moises\.m2\repository\jakarta\annotation\jakarta.annotation-api\2.1.1\jakarta.annotation-api-2.1.1.jar;C:\Users\Andres Moises\.m2\repository\org\jboss\resteasy\resteasy-core-spi\6.2.4.Final\resteasy-core-spi-6.2.4.Final.jar;C:\Users\Andres Moises\.m2\repository\org\reactivestreams\reactive-streams\1.0.4\reactive-streams-1.0.4.jar;C:\Users\Andres Moises\.m2\repository\org\eclipse\angus\angus-activation\1.0.0\angus-activation-1.0.0.jar;C:\Users\Andres Moises\.m2\repository\jakarta\validation\jakarta.validation-api\3.0.2\jakarta.validation-api-3.0.2.jar;C:\Users\Andres Moises\.m2\repository\com\ibm\async\asyncutil\0.1.0\asyncutil-0.1.0.jar;C:\Users\Andres Moises\.m2\repository\jakarta\ws\rs\jakarta.ws.rs-api\3.1.0\jakarta.ws.rs-api-3.1.0.jar;C:\Users\Andres Moises\.m2\repository\org\jboss\resteasy\resteasy-jackson2-provider\6.2.4.Final\resteasy-jackson2-provider-6.2.4.Final.jar;C:\Users\Andres Moises\.m2\repository\com\fasterxml\jackson\core\jackson-core\2.14.3\jackson-core-2.14.3.jar;C:\Users\Andres Moises\.m2\repository\com\fasterxml\jackson\core\jackson-databind\2.14.3\jackson-databind-2.14.3.jar;C:\Users\Andres Moises\.m2\repository\com\fasterxml\jackson\core\jackson-annotations\2.14.3\jackson-annotations-2.14.3.jar;C:\Users\Andres Moises\.m2\repository\com\fasterxml\jackson\jakarta\rs\jackson-jakarta-rs-base\2.14.3\jackson-jakarta-rs-base-2.14.3.jar;C:\Users\Andres Moises\.m2\repository\com\fasterxml\jackson\jakarta\rs\jackson-jakarta-rs-json-provider\2.14.3\jackson-jakarta-rs-json-provider-2.14.3.jar;C:\Users\Andres Moises\.m2\repository\com\fasterxml\jackson\module\jackson-module-jakarta-xmlbind-annotations\2.14.3\jackson-module-jakarta-xmlbind-annotations-2.14.3.jar;C:\Users\Andres Moises\.m2\repository\com\github\java-json-tools\json-patch\1.13\json-patch-1.13.jar;C:\Users\Andres Moises\.m2\repository\com\github\java-json-tools\msg-simple\1.2\msg-simple-1.2.jar;C:\Users\Andres Moises\.m2\repository\com\github\java-json-tools\btf\1.3\btf-1.3.jar;C:\Users\Andres Moises\.m2\repository\com\github\java-json-tools\jackson-coreutils\2.0\jackson-coreutils-2.0.jar;C:\Users\Andres Moises\.m2\repository\jakarta\enterprise\jakarta.enterprise.cdi-api\3.0.0\jakarta.enterprise.cdi-api-3.0.0.jar;C:\Users\Andres Moises\.m2\repository\jakarta\el\jakarta.el-api\4.0.0\jakarta.el-api-4.0.0.jar;C:\Users\Andres Moises\.m2\repository\jakarta\interceptor\jakarta.interceptor-api\2.0.0\jakarta.interceptor-api-2.0.0.jar;"/>
    <property name="java.vm.vendor" value="Oracle Corporation"/>
    <property name="sun.arch.data.model" value="64"/>
    <property name="user.variant" value=""/>
    <property name="java.vendor.url" value="https://java.oracle.com/"/>
    <property name="user.timezone" value="America/Asuncion"/>
    <property name="os.name" value="Windows 11"/>
    <property name="java.vm.specification.version" value="17"/>
    <property name="sun.java.launcher" value="SUN_STANDARD"/>
    <property name="user.country" value="PY"/>
    <property name="sun.boot.library.path" value="C:\Program Files\Java\jdk-17\bin"/>
    <property name="sun.java.command" value="C:\Users\Andres Moises\AppData\Local\Temp\surefire3465697739644468055\surefirebooter-20250313103948918_3.jar C:\Users\Andres Moises\AppData\Local\Temp\surefire3465697739644468055 2025-03-13T10-39-48_683-jvmRun1 surefire-20250313103948918_1tmp surefire_0-20250313103948918_2tmp"/>
    <property name="jdk.debug" value="release"/>
    <property name="surefire.test.class.path" value="C:\Users\Andres Moises\Desktop\backend\ecommerce-backend\target\test-classes;C:\Users\Andres Moises\Desktop\backend\ecommerce-backend\target\classes;C:\Users\Andres Moises\.m2\repository\junit\junit\3.8.1\junit-3.8.1.jar;C:\Users\Andres Moises\.m2\repository\org\hibernate\orm\hibernate-core\6.2.0.Final\hibernate-core-6.2.0.Final.jar;C:\Users\Andres Moises\.m2\repository\jakarta\persistence\jakarta.persistence-api\3.1.0\jakarta.persistence-api-3.1.0.jar;C:\Users\Andres Moises\.m2\repository\jakarta\transaction\jakarta.transaction-api\2.0.1\jakarta.transaction-api-2.0.1.jar;C:\Users\Andres Moises\.m2\repository\org\jboss\logging\jboss-logging\3.5.0.Final\jboss-logging-3.5.0.Final.jar;C:\Users\Andres Moises\.m2\repository\org\hibernate\common\hibernate-commons-annotations\6.0.6.Final\hibernate-commons-annotations-6.0.6.Final.jar;C:\Users\Andres Moises\.m2\repository\io\smallrye\jandex\3.0.5\jandex-3.0.5.jar;C:\Users\Andres Moises\.m2\repository\com\fasterxml\classmate\1.5.1\classmate-1.5.1.jar;C:\Users\Andres Moises\.m2\repository\net\bytebuddy\byte-buddy\1.12.18\byte-buddy-1.12.18.jar;C:\Users\Andres Moises\.m2\repository\jakarta\xml\bind\jakarta.xml.bind-api\4.0.0\jakarta.xml.bind-api-4.0.0.jar;C:\Users\Andres Moises\.m2\repository\jakarta\activation\jakarta.activation-api\2.1.0\jakarta.activation-api-2.1.0.jar;C:\Users\Andres Moises\.m2\repository\org\glassfish\jaxb\jaxb-runtime\4.0.2\jaxb-runtime-4.0.2.jar;C:\Users\Andres Moises\.m2\repository\org\glassfish\jaxb\jaxb-core\4.0.2\jaxb-core-4.0.2.jar;C:\Users\Andres Moises\.m2\repository\org\glassfish\jaxb\txw2\4.0.2\txw2-4.0.2.jar;C:\Users\Andres Moises\.m2\repository\com\sun\istack\istack-commons-runtime\4.1.1\istack-commons-runtime-4.1.1.jar;C:\Users\Andres Moises\.m2\repository\jakarta\inject\jakarta.inject-api\2.0.1\jakarta.inject-api-2.0.1.jar;C:\Users\Andres Moises\.m2\repository\org\antlr\antlr4-runtime\4.10.1\antlr4-runtime-4.10.1.jar;C:\Users\Andres Moises\.m2\repository\org\postgresql\postgresql\42.5.1\postgresql-42.5.1.jar;C:\Users\Andres Moises\.m2\repository\org\checkerframework\checker-qual\3.5.0\checker-qual-3.5.0.jar;C:\Users\Andres Moises\.m2\repository\org\wildfly\wildfly-ee\26.1.1.Final\wildfly-ee-26.1.1.Final.jar;C:\Users\Andres Moises\.m2\repository\org\glassfish\jakarta.enterprise.concurrent\1.1.1\jakarta.enterprise.concurrent-1.1.1.jar;C:\Users\Andres Moises\.m2\repository\org\jboss\metadata\jboss-metadata-common\14.0.0.Final\jboss-metadata-common-14.0.0.Final.jar;C:\Users\Andres Moises\.m2\repository\org\jboss\metadata\jboss-metadata-ear\14.0.0.Final\jboss-metadata-ear-14.0.0.Final.jar;C:\Users\Andres Moises\.m2\repository\org\jboss\msc\jboss-msc\1.4.13.Final\jboss-msc-1.4.13.Final.jar;C:\Users\Andres Moises\.m2\repository\org\jboss\spec\javax\enterprise\concurrent\jboss-concurrency-api_1.0_spec\2.0.0.Final\jboss-concurrency-api_1.0_spec-2.0.0.Final.jar;C:\Users\Andres Moises\.m2\repository\org\jboss\spec\javax\security\jacc\jboss-jacc-api_1.5_spec\2.0.0.Final\jboss-jacc-api_1.5_spec-2.0.0.Final.jar;C:\Users\Andres Moises\.m2\repository\org\jboss\spec\javax\transaction\jboss-transaction-api_1.3_spec\2.0.0.Final\jboss-transaction-api_1.3_spec-2.0.0.Final.jar;C:\Users\Andres Moises\.m2\repository\org\jboss\spec\javax\annotation\jboss-annotations-api_1.3_spec\2.0.1.Final\jboss-annotations-api_1.3_spec-2.0.1.Final.jar;C:\Users\Andres Moises\.m2\repository\org\wildfly\common\wildfly-common\1.6.0.Final\wildfly-common-1.6.0.Final.jar;C:\Users\Andres Moises\.m2\repository\org\wildfly\core\wildfly-server\18.1.1.Final\wildfly-server-18.1.1.Final.jar;C:\Users\Andres Moises\.m2\repository\org\wildfly\core\wildfly-controller\18.1.1.Final\wildfly-controller-18.1.1.Final.jar;C:\Users\Andres Moises\.m2\repository\org\wildfly\core\wildfly-controller-client\18.1.1.Final\wildfly-controller-client-18.1.1.Final.jar;C:\Users\Andres Moises\.m2\repository\org\wildfly\core\wildfly-core-security\18.1.1.Final\wildfly-core-security-18.1.1.Final.jar;C:\Users\Andres Moises\.m2\repository\org\wildfly\security\wildfly-elytron-credential-source-impl\1.19.0.Final\wildfly-elytron-credential-source-impl-1.19.0.Final.jar;C:\Users\Andres Moises\.m2\repository\org\wildfly\security\wildfly-elytron-password-impl\1.19.0.Final\wildfly-elytron-password-impl-1.19.0.Final.jar;C:\Users\Andres Moises\.m2\repository\org\wildfly\security\wildfly-elytron-sasl\1.19.0.Final\wildfly-elytron-sasl-1.19.0.Final.jar;C:\Users\Andres Moises\.m2\repository\org\wildfly\security\wildfly-elytron-ssl\1.19.0.Final\wildfly-elytron-ssl-1.19.0.Final.jar;C:\Users\Andres Moises\.m2\repository\org\wildfly\security\wildfly-elytron-x500-cert-acme\1.19.0.Final\wildfly-elytron-x500-cert-acme-1.19.0.Final.jar;C:\Users\Andres Moises\.m2\repository\org\wildfly\security\wildfly-elytron-x500-cert-util\1.19.0.Final\wildfly-elytron-x500-cert-util-1.19.0.Final.jar;C:\Users\Andres Moises\.m2\repository\org\jboss\staxmapper\1.3.0.Final\staxmapper-1.3.0.Final.jar;C:\Users\Andres Moises\.m2\repository\org\projectodd\vdx\vdx-wildfly\1.1.6\vdx-wildfly-1.1.6.jar;C:\Users\Andres Moises\.m2\repository\org\projectodd\vdx\vdx-core\1.1.6\vdx-core-1.1.6.jar;C:\Users\Andres Moises\.m2\repository\org\yaml\snakeyaml\1.29\snakeyaml-1.29.jar;C:\Users\Andres Moises\.m2\repository\org\wildfly\core\wildfly-core-management-client\18.1.1.Final\wildfly-core-management-client-18.1.1.Final.jar;C:\Users\Andres Moises\.m2\repository\org\wildfly\core\wildfly-domain-http-interface\18.1.1.Final\wildfly-domain-http-interface-18.1.1.Final.jar;C:\Users\Andres Moises\.m2\repository\org\wildfly\core\wildfly-domain-management\18.1.1.Final\wildfly-domain-management-18.1.1.Final.jar;C:\Users\Andres Moises\.m2\repository\org\wildfly\security\wildfly-elytron-http-util\1.19.0.Final\wildfly-elytron-http-util-1.19.0.Final.jar;C:\Users\Andres Moises\.m2\repository\org\wildfly\security\wildfly-elytron-sasl-digest\1.19.0.Final\wildfly-elytron-sasl-digest-1.19.0.Final.jar;C:\Users\Andres Moises\.m2\repository\org\wildfly\security\wildfly-elytron-mechanism-digest\1.19.0.Final\wildfly-elytron-mechanism-digest-1.19.0.Final.jar;C:\Users\Andres Moises\.m2\repository\org\wildfly\security\wildfly-elytron-http\1.19.0.Final\wildfly-elytron-http-1.19.0.Final.jar;C:\Users\Andres Moises\.m2\repository\org\wildfly\security\elytron-web\undertow-server\1.10.1.Final\undertow-server-1.10.1.Final.jar;C:\Users\Andres Moises\.m2\repository\org\wildfly\core\wildfly-deployment-repository\18.1.1.Final\wildfly-deployment-repository-18.1.1.Final.jar;C:\Users\Andres Moises\.m2\repository\org\wildfly\core\wildfly-protocol\18.1.1.Final\wildfly-protocol-18.1.1.Final.jar;C:\Users\Andres Moises\.m2\repository\org\wildfly\core\wildfly-platform-mbean\18.1.1.Final\wildfly-platform-mbean-18.1.1.Final.jar;C:\Users\Andres Moises\.m2\repository\org\wildfly\core\wildfly-process-controller\18.1.1.Final\wildfly-process-controller-18.1.1.Final.jar;C:\Users\Andres Moises\.m2\repository\org\wildfly\core\wildfly-remoting\18.1.1.Final\wildfly-remoting-18.1.1.Final.jar;C:\Users\Andres Moises\.m2\repository\org\wildfly\core\wildfly-io\18.1.1.Final\wildfly-io-18.1.1.Final.jar;C:\Users\Andres Moises\.m2\repository\org\wildfly\security\wildfly-elytron-audit\1.19.0.Final\wildfly-elytron-audit-1.19.0.Final.jar;C:\Users\Andres Moises\.m2\repository\org\wildfly\security\wildfly-elytron-auth-server-http\1.19.0.Final\wildfly-elytron-auth-server-http-1.19.0.Final.jar;C:\Users\Andres Moises\.m2\repository\org\wildfly\security\wildfly-elytron-auth-server-sasl\1.19.0.Final\wildfly-elytron-auth-server-sasl-1.19.0.Final.jar;C:\Users\Andres Moises\.m2\repository\org\wildfly\security\wildfly-elytron-auth-server-deprecated\1.19.0.Final\wildfly-elytron-auth-server-deprecated-1.19.0.Final.jar;C:\Users\Andres Moises\.m2\repository\org\wildfly\security\wildfly-elytron-auth-util\1.19.0.Final\wildfly-elytron-auth-util-1.19.0.Final.jar;C:\Users\Andres Moises\.m2\repository\org\wildfly\security\wildfly-elytron-mechanism-gssapi\1.19.0.Final\wildfly-elytron-mechanism-gssapi-1.19.0.Final.jar;C:\Users\Andres Moises\.m2\repository\org\wildfly\security\wildfly-elytron-sasl-anonymous\1.19.0.Final\wildfly-elytron-sasl-anonymous-1.19.0.Final.jar;C:\Users\Andres Moises\.m2\repository\org\jboss\xnio\xnio-api\3.8.7.Final\xnio-api-3.8.7.Final.jar;C:\Users\Andres Moises\.m2\repository\org\wildfly\core\wildfly-network\18.1.1.Final\wildfly-network-18.1.1.Final.jar;C:\Users\Andres Moises\.m2\repository\org\wildfly\security\wildfly-elytron-client\1.19.0.Final\wildfly-elytron-client-1.19.0.Final.jar;C:\Users\Andres Moises\.m2\repository\org\wildfly\security\wildfly-elytron-credential-store\1.19.0.Final\wildfly-elytron-credential-store-1.19.0.Final.jar;C:\Users\Andres Moises\.m2\repository\org\wildfly\security\wildfly-elytron-encryption\1.19.0.Final\wildfly-elytron-encryption-1.19.0.Final.jar;C:\Users\Andres Moises\.m2\repository\org\wildfly\security\wildfly-elytron-keystore\1.19.0.Final\wildfly-elytron-keystore-1.19.0.Final.jar;C:\Users\Andres Moises\.m2\repository\org\wildfly\security\wildfly-elytron-mechanism\1.19.0.Final\wildfly-elytron-mechanism-1.19.0.Final.jar;C:\Users\Andres Moises\.m2\repository\org\wildfly\security\wildfly-elytron-provider-util\1.19.0.Final\wildfly-elytron-provider-util-1.19.0.Final.jar;C:\Users\Andres Moises\.m2\repository\org\wildfly\security\wildfly-elytron-x500-cert\1.19.0.Final\wildfly-elytron-x500-cert-1.19.0.Final.jar;C:\Users\Andres Moises\.m2\repository\org\wildfly\security\wildfly-elytron-credential\1.19.0.Final\wildfly-elytron-credential-1.19.0.Final.jar;C:\Users\Andres Moises\.m2\repository\org\wildfly\security\wildfly-elytron-asn1\1.19.0.Final\wildfly-elytron-asn1-1.19.0.Final.jar;C:\Users\Andres Moises\.m2\repository\org\wildfly\core\wildfly-version\18.1.1.Final\wildfly-version-18.1.1.Final.jar;C:\Users\Andres Moises\.m2\repository\org\jboss\jandex\2.4.2.Final\jandex-2.4.2.Final.jar;C:\Users\Andres Moises\.m2\repository\org\jboss\jboss-dmr\1.6.1.Final\jboss-dmr-1.6.1.Final.jar;C:\Users\Andres Moises\.m2\repository\org\jboss\classfilewriter\jboss-classfilewriter\1.2.5.Final\jboss-classfilewriter-1.2.5.Final.jar;C:\Users\Andres Moises\.m2\repository\org\jboss\marshalling\jboss-marshalling\2.0.12.Final\jboss-marshalling-2.0.12.Final.jar;C:\Users\Andres Moises\.m2\repository\org\jboss\modules\jboss-modules\2.0.2.Final\jboss-modules-2.0.2.Final.jar;C:\Users\Andres Moises\.m2\repository\org\jboss\remoting\jboss-remoting\5.0.24.Final\jboss-remoting-5.0.24.Final.jar;C:\Users\Andres Moises\.m2\repository\org\wildfly\client\wildfly-client-config\1.0.1.Final\wildfly-client-config-1.0.1.Final.jar;C:\Users\Andres Moises\.m2\repository\org\jboss\stdio\jboss-stdio\1.1.0.Final\jboss-stdio-1.1.0.Final.jar;C:\Users\Andres Moises\.m2\repository\org\jboss\threads\jboss-threads\2.4.0.Final\jboss-threads-2.4.0.Final.jar;C:\Users\Andres Moises\.m2\repository\org\jboss\jboss-vfs\3.2.16.Final\jboss-vfs-3.2.16.Final.jar;C:\Users\Andres Moises\.m2\repository\io\undertow\undertow-core\2.2.17.Final\undertow-core-2.2.17.Final.jar;C:\Users\Andres Moises\.m2\repository\org\jboss\xnio\xnio-nio\3.8.6.Final\xnio-nio-3.8.6.Final.jar;C:\Users\Andres Moises\.m2\repository\org\eclipse\jgit\org.eclipse.jgit.ssh.apache\5.13.0.202109080827-r\org.eclipse.jgit.ssh.apache-5.13.0.202109080827-r.jar;C:\Users\Andres Moises\.m2\repository\org\eclipse\jgit\org.eclipse.jgit\5.13.0.202109080827-r\org.eclipse.jgit-5.13.0.202109080827-r.jar;C:\Users\Andres Moises\.m2\repository\com\googlecode\javaewah\JavaEWAH\1.1.12\JavaEWAH-1.1.12.jar;C:\Users\Andres Moises\.m2\repository\org\apache\sshd\sshd-common\2.7.0\sshd-common-2.7.0.jar;C:\Users\Andres Moises\.m2\repository\org\slf4j\slf4j-api\1.7.30\slf4j-api-1.7.30.jar;C:\Users\Andres Moises\.m2\repository\org\apache\sshd\sshd-core\2.7.0\sshd-core-2.7.0.jar;C:\Users\Andres Moises\.m2\repository\org\wildfly\core\wildfly-request-controller\18.1.1.Final\wildfly-request-controller-18.1.1.Final.jar;C:\Users\Andres Moises\.m2\repository\org\jboss\logmanager\jboss-logmanager\2.1.18.Final\jboss-logmanager-2.1.18.Final.jar;C:\Users\Andres Moises\.m2\repository\org\jboss\invocation\jboss-invocation\1.7.0.Final\jboss-invocation-1.7.0.Final.jar;C:\Users\Andres Moises\.m2\repository\org\wildfly\wildfly-naming\26.1.1.Final\wildfly-naming-26.1.1.Final.jar;C:\Users\Andres Moises\.m2\repository\org\wildfly\wildfly-naming-client\1.0.15.Final\wildfly-naming-client-1.0.15.Final.jar;C:\Users\Andres Moises\.m2\repository\org\wildfly\security\wildfly-elytron-realm\1.17.1.Final\wildfly-elytron-realm-1.17.1.Final.jar;C:\Users\Andres Moises\.m2\repository\org\wildfly\security\wildfly-elytron-sasl-localuser\1.17.1.Final\wildfly-elytron-sasl-localuser-1.17.1.Final.jar;C:\Users\Andres Moises\.m2\repository\org\wildfly\security\wildfly-elytron-sasl-auth-util\1.17.1.Final\wildfly-elytron-sasl-auth-util-1.17.1.Final.jar;C:\Users\Andres Moises\.m2\repository\org\jboss\marshalling\jboss-marshalling-river\2.0.0.Final\jboss-marshalling-river-2.0.0.Final.jar;C:\Users\Andres Moises\.m2\repository\org\wildfly\wildfly-http-client\wildfly-http-naming-client\1.1.11.Final\wildfly-http-naming-client-1.1.11.Final.jar;C:\Users\Andres Moises\.m2\repository\org\wildfly\wildfly-http-client\wildfly-http-client-common\1.1.11.Final\wildfly-http-client-common-1.1.11.Final.jar;C:\Users\Andres Moises\.m2\repository\org\wildfly\security\wildfly-elytron-http-basic\1.15.1.Final\wildfly-elytron-http-basic-1.15.1.Final.jar;C:\Users\Andres Moises\.m2\repository\org\wildfly\security\wildfly-elytron-mechanism-http\1.15.1.Final\wildfly-elytron-mechanism-http-1.15.1.Final.jar;C:\Users\Andres Moises\.m2\repository\org\wildfly\security\wildfly-elytron-http-cert\1.15.1.Final\wildfly-elytron-http-cert-1.15.1.Final.jar;C:\Users\Andres Moises\.m2\repository\org\wildfly\security\wildfly-elytron-http-digest\1.15.1.Final\wildfly-elytron-http-digest-1.15.1.Final.jar;C:\Users\Andres Moises\.m2\repository\org\jboss\spec\javax\ejb\jboss-ejb-api_3.2_spec\2.0.0.Final\jboss-ejb-api_3.2_spec-2.0.0.Final.jar;C:\Users\Andres Moises\.m2\repository\org\wildfly\security\wildfly-elytron-auth-server\1.19.0.Final\wildfly-elytron-auth-server-1.19.0.Final.jar;C:\Users\Andres Moises\.m2\repository\org\wildfly\security\wildfly-elytron-auth\1.19.0.Final\wildfly-elytron-auth-1.19.0.Final.jar;C:\Users\Andres Moises\.m2\repository\org\wildfly\security\wildfly-elytron-base\1.19.0.Final\wildfly-elytron-base-1.19.0.Final.jar;C:\Users\Andres Moises\.m2\repository\org\wildfly\security\wildfly-elytron-permission\1.19.0.Final\wildfly-elytron-permission-1.19.0.Final.jar;C:\Users\Andres Moises\.m2\repository\org\wildfly\security\wildfly-elytron-util\1.19.0.Final\wildfly-elytron-util-1.19.0.Final.jar;C:\Users\Andres Moises\.m2\repository\org\wildfly\security\wildfly-elytron-x500\1.19.0.Final\wildfly-elytron-x500-1.19.0.Final.jar;C:\Users\Andres Moises\.m2\repository\org\wildfly\security\wildfly-elytron-security-manager\1.19.0.Final\wildfly-elytron-security-manager-1.19.0.Final.jar;C:\Users\Andres Moises\.m2\repository\org\wildfly\security\wildfly-elytron-security-manager-action\1.19.0.Final\wildfly-elytron-security-manager-action-1.19.0.Final.jar;C:\Users\Andres Moises\.m2\repository\org\jboss\spec\javax\interceptor\jboss-interceptors-api_1.2_spec\2.0.0.Final\jboss-interceptors-api_1.2_spec-2.0.0.Final.jar;C:\Users\Andres Moises\.m2\repository\org\jboss\spec\javax\el\jboss-el-api_3.0_spec\2.0.0.Final\jboss-el-api_3.0_spec-2.0.0.Final.jar;C:\Users\Andres Moises\.m2\repository\jakarta\platform\jakarta.jakartaee-api\9.1.0\jakarta.jakartaee-api-9.1.0.jar;C:\Users\Andres Moises\.m2\repository\org\jboss\resteasy\resteasy-servlet-initializer\6.2.4.Final\resteasy-servlet-initializer-6.2.4.Final.jar;C:\Users\Andres Moises\.m2\repository\org\jboss\resteasy\resteasy-core\6.2.4.Final\resteasy-core-6.2.4.Final.jar;C:\Users\Andres Moises\.m2\repository\jakarta\annotation\jakarta.annotation-api\2.1.1\jakarta.annotation-api-2.1.1.jar;C:\Users\Andres Moises\.m2\repository\org\jboss\resteasy\resteasy-core-spi\6.2.4.Final\resteasy-core-spi-6.2.4.Final.jar;C:\Users\Andres Moises\.m2\repository\org\reactivestreams\reactive-streams\1.0.4\reactive-streams-1.0.4.jar;C:\Users\Andres Moises\.m2\repository\org\eclipse\angus\angus-activation\1.0.0\angus-activation-1.0.0.jar;C:\Users\Andres Moises\.m2\repository\jakarta\validation\jakarta.validation-api\3.0.2\jakarta.validation-api-3.0.2.jar;C:\Users\Andres Moises\.m2\repository\com\ibm\async\asyncutil\0.1.0\asyncutil-0.1.0.jar;C:\Users\Andres Moises\.m2\repository\jakarta\ws\rs\jakarta.ws.rs-api\3.1.0\jakarta.ws.rs-api-3.1.0.jar;C:\Users\Andres Moises\.m2\repository\org\jboss\resteasy\resteasy-jackson2-provider\6.2.4.Final\resteasy-jackson2-provider-6.2.4.Final.jar;C:\Users\Andres Moises\.m2\repository\com\fasterxml\jackson\core\jackson-core\2.14.3\jackson-core-2.14.3.jar;C:\Users\Andres Moises\.m2\repository\com\fasterxml\jackson\core\jackson-databind\2.14.3\jackson-databind-2.14.3.jar;C:\Users\Andres Moises\.m2\repository\com\fasterxml\jackson\core\jackson-annotations\2.14.3\jackson-annotations-2.14.3.jar;C:\Users\Andres Moises\.m2\repository\com\fasterxml\jackson\jakarta\rs\jackson-jakarta-rs-base\2.14.3\jackson-jakarta-rs-base-2.14.3.jar;C:\Users\Andres Moises\.m2\repository\com\fasterxml\jackson\jakarta\rs\jackson-jakarta-rs-json-provider\2.14.3\jackson-jakarta-rs-json-provider-2.14.3.jar;C:\Users\Andres Moises\.m2\repository\com\fasterxml\jackson\module\jackson-module-jakarta-xmlbind-annotations\2.14.3\jackson-module-jakarta-xmlbind-annotations-2.14.3.jar;C:\Users\Andres Moises\.m2\repository\com\github\java-json-tools\json-patch\1.13\json-patch-1.13.jar;C:\Users\Andres Moises\.m2\repository\com\github\java-json-tools\msg-simple\1.2\msg-simple-1.2.jar;C:\Users\Andres Moises\.m2\repository\com\github\java-json-tools\btf\1.3\btf-1.3.jar;C:\Users\Andres Moises\.m2\repository\com\github\java-json-tools\jackson-coreutils\2.0\jackson-coreutils-2.0.jar;C:\Users\Andres Moises\.m2\repository\jakarta\enterprise\jakarta.enterprise.cdi-api\3.0.0\jakarta.enterprise.cdi-api-3.0.0.jar;C:\Users\Andres Moises\.m2\repository\jakarta\el\jakarta.el-api\4.0.0\jakarta.el-api-4.0.0.jar;C:\Users\Andres Moises\.m2\repository\jakarta\interceptor\jakarta.interceptor-api\2.0.0\jakarta.interceptor-api-2.0.0.jar;"/>
    <property name="sun.cpu.endian" value="little"/>
    <property name="user.home" value="C:\Users\Andres Moises"/>
    <property name="user.language" value="es"/>
    <property name="java.specification.vendor" value="Oracle Corporation"/>
    <property name="java.version.date" value="2024-10-15"/>
    <property name="java.home" value="C:\Program Files\Java\jdk-17"/>
    <property name="file.separator" value="\"/>
    <property name="basedir" value="C:\Users\Andres Moises\Desktop\backend\ecommerce-backend"/>
    <property name="java.vm.compressedOopsMode" value="32-bit"/>
    <property name="line.separator" value="&#10;"/>
    <property name="java.vm.specification.vendor" value="Oracle Corporation"/>
    <property name="java.specification.name" value="Java Platform API Specification"/>
    <property name="surefire.real.class.path" value="C:\Users\Andres Moises\AppData\Local\Temp\surefire3465697739644468055\surefirebooter-20250313103948918_3.jar"/>
    <property name="user.script" value=""/>
    <property name="sun.management.compiler" value="HotSpot 64-Bit Tiered Compilers"/>
    <property name="java.runtime.version" value="17.0.13+10-LTS-268"/>
    <property name="user.name" value="Andres Moises"/>
    <property name="path.separator" value=";"/>
    <property name="os.version" value="10.0"/>
    <property name="java.runtime.name" value="Java(TM) SE Runtime Environment"/>
    <property name="file.encoding" value="Cp1252"/>
    <property name="java.vm.name" value="Java HotSpot(TM) 64-Bit Server VM"/>
    <property name="localRepository" value="C:\Users\Andres Moises\.m2\repository"/>
    <property name="java.vendor.url.bug" value="https://bugreport.java.com/bugreport/"/>
    <property name="java.io.tmpdir" value="C:\Users\ANDRES~1\AppData\Local\Temp\"/>
    <property name="java.version" value="17.0.13"/>
    <property name="user.dir" value="C:\Users\Andres Moises\Desktop\backend\ecommerce-backend"/>
    <property name="os.arch" value="amd64"/>
    <property name="java.vm.specification.name" value="Java Virtual Machine Specification"/>
    <property name="sun.os.patch.level" value=""/>
    <property name="native.encoding" value="Cp1252"/>
    <property name="java.library.path" value="C:\Program Files\Java\jdk-17\bin;C:\WINDOWS\Sun\Java\bin;C:\WINDOWS\system32;C:\WINDOWS;C:\Program Files\apache-maven-3.9.9-bin\apache-maven-3.9.9\bin;C:\Users\Andres Moises\AppData\Local\ActiveState\StateTool\release\bin;C:\Program Files\dotnet\;C:\Users\Andres Moises\AppData\Roaming\Python\Python311\Scripts;C:\flutter\flutter_windows_3.24.3-stable\flutter\bin;C:\Users\Andres Moises\AppData\Local\Android\Sdk\platform-tools;C:\Program Files\Java\jdk-17\bin;C:\Program Files\nodejs\;C:\Users\Andres Moises\AppData\Roaming\npm;C:\Users\Andres Moises\AppData\Local\Pub\Cache\bin;C:\Users\Andres Moises\Desktop\sonarqube\sonar-scanner-cli-6.2.1.4610-windows-x64\sonar-scanner-6.2.1.4610-windows-x64\bin;C:\Program Files\PuTTY\;C:\WINDOWS\system32;C:\WINDOWS;C:\WINDOWS\System32\Wbem;C:\WINDOWS\System32\WindowsPowerShell\v1.0\;C:\WINDOWS\System32\OpenSSH\;C:\Users\Andres Moises\AppData\Local\activestate\cache\bin;C:\Users\Andres Moises\AppData\Local\ActiveState\StateTool\release\bin;C:\Program Files\Java\jdk-11\bin;C:\Program Files\Python311\Scripts\;C:\Program Files\Python311\;C:\Program Files (x86)\Common Files\Oracle\Java\javapath;C:\Program Files\Common Files\Oracle\Java\javapath;C:\WINDOWS\system32;C:\WINDOWS;C:\WINDOWS\System32\Wbem;C:\WINDOWS\System32\WindowsPowerShell\v1.0\;C:\WINDOWS\System32\OpenSSH\;C:\TDM-GCC-64\bin;C:\Program Files\Microsoft SQL Server\Client SDK\ODBC\170\Tools\Binn\;C:\Program Files (x86)\Microsoft SQL Server\150\Tools\Binn\;C:\Program Files\Microsoft SQL Server\150\Tools\Binn\;C:\Program Files\Microsoft SQL Server\150\DTS\Binn\;C:\Program Files (x86)\Microsoft SQL Server\150\DTS\Binn\;C:\Program Files\Azure Data Studio\bin;C:\Program Files\Git\cmd;C:\Users\Andres Moises\Downloads\apache-maven-3.9.4-bin\apache-maven-3.9.4\bin;C:\LINGO64_15\;C:\WINDOWS\syst;C:\Users\Andres Moises\AppData\Local\Programs\Microsoft VS Code\bin;C:\Program Files\PostgreSQL\16\bin;C:\Users\Andres Moises\.dotnet\tools;C:\Users\Andres Moises\AppData\Local\GitHubDesktop\bin;C:\Users\Andres Moises\AppData\Roaming\npm;C:\Users\Andres Moises\AppData\Local\Microsoft\WindowsApps;;c:\Users\Andres Moises\AppData\Roaming\Code\User\globalStorage\github.copilot-chat\debugCommand;."/>
    <property name="java.vm.info" value="mixed mode, sharing"/>
    <property name="java.vendor" value="Oracle Corporation"/>
    <property name="java.vm.version" value="17.0.13+10-LTS-268"/>
    <property name="java.specification.maintenance.version" value="1"/>
    <property name="sun.io.unicode.encoding" value="UnicodeLittle"/>
    <property name="java.class.version" value="61.0"/>
  </properties>
  <testcase name="testApp" classname="com.ecommerce.AppTest" time="0.003"/>
</testsuite>